<?xml version="1.0" encoding="UTF-8"?>
<!-- Generated by org.testng.reporters.JUnitXMLReporter -->
<testsuite ignored="1" hostname="DESKTOP-EUMGPVE" failures="0" tests="6" name="Test" time="342.761" errors="0" timestamp="2023-08-14T14:54:27 IST">
  <testcase classname="testCases.TC_001_AccountRegistrationTest" name="test_account_registration" time="55.857"/>
  <testcase classname="testCases.TC_003_DDT_LoginTest" name="test_DDT_Login" time="28.032"/>
  <testcase classname="testCases.TC_003_DDT_LoginTest" name="test_DDT_Login" time="40.492"/>
  <testcase classname="testCases.TC_003_DDT_LoginTest" name="test_DDT_Login" time="40.11"/>
  <testcase classname="testCases.TC_003_DDT_LoginTest" name="test_DDT_Login" time="36.303"/>
  <testcase classname="testCases.TC_003_DDT_LoginTest" name="test_DDT_Login" time="14.495"/>
  <testcase classname="testCases.TC_002_LoginTest" name="test_login" time="0.0">
    <ignored/>
  </testcase> <!-- test_login -->
</testsuite> <!-- Test -->
