<?xml version="1.0" encoding="UTF-8"?>
<testng-results ignored="1" total="7" passed="6" failed="0" skipped="0">
  <reporter-output>
  </reporter-output>
  <suite started-at="2023-08-14T14:48:42 IST" name="Suite" finished-at="2023-08-14T14:54:25 IST" duration-ms="342761">
    <groups>
      <group name="Master">
        <method signature="TC_001_AccountRegistrationTest.test_account_registration()[pri:0, instance:testCases.TC_001_AccountRegistrationTest@441772e]" name="test_account_registration" class="testCases.TC_001_AccountRegistrationTest"/>
      </group> <!-- Master -->
      <group name="DataDriven">
        <method signature="TC_003_DDT_LoginTest.test_DDT_Login(java.lang.String,java.lang.String,java.lang.String,java.lang.String)[pri:0, instance:testCases.TC_003_DDT_LoginTest@7fa98a66]" name="test_DDT_Login" class="testCases.TC_003_DDT_LoginTest"/>
      </group> <!-- DataDriven -->
      <group name="Regression">
        <method signature="TC_001_AccountRegistrationTest.test_account_registration()[pri:0, instance:testCases.TC_001_AccountRegistrationTest@441772e]" name="test_account_registration" class="testCases.TC_001_AccountRegistrationTest"/>
      </group> <!-- Regression -->
    </groups>
    <test started-at="2023-08-14T14:48:42 IST" name="Test" finished-at="2023-08-14T14:54:25 IST" duration-ms="342761">
      <class name="testCases.TC_003_DDT_LoginTest">
        <test-method is-config="true" signature="setup(java.lang.String)[pri:0, instance:testCases.TC_003_DDT_LoginTest@7fa98a66]" started-at="2023-08-14T14:51:02 IST" name="setup" finished-at="2023-08-14T14:51:38 IST" duration-ms="35461" status="PASS">
          <params>
            <param index="0">
              <value>
                <![CDATA[chrome]]>
              </value>
            </param>
          </params>
          <reporter-output>
          </reporter-output>
        </test-method> <!-- setup -->
        <test-method signature="test_DDT_Login(java.lang.String,java.lang.String,java.lang.String,java.lang.String)[pri:0, instance:testCases.TC_003_DDT_LoginTest@7fa98a66]" started-at="2023-08-14T14:51:45 IST" name="test_DDT_Login" data-provider="LoginData" finished-at="2023-08-14T14:52:13 IST" duration-ms="28032" status="PASS">
          <params>
            <param index="0">
              <value>
                <![CDATA[TestName@gmail.com]]>
              </value>
            </param>
            <param index="1">
              <value>
                <![CDATA[admin]]>
              </value>
            </param>
            <param index="2">
              <value>
                <![CDATA[TestName]]>
              </value>
            </param>
            <param index="3">
              <value>
                <![CDATA[Valid]]>
              </value>
            </param>
          </params>
          <reporter-output>
          </reporter-output>
        </test-method> <!-- test_DDT_Login -->
        <test-method signature="test_DDT_Login(java.lang.String,java.lang.String,java.lang.String,java.lang.String)[pri:0, instance:testCases.TC_003_DDT_LoginTest@7fa98a66]" started-at="2023-08-14T14:52:13 IST" name="test_DDT_Login" data-provider="LoginData" finished-at="2023-08-14T14:52:54 IST" duration-ms="40492" status="PASS">
          <params>
            <param index="0">
              <value>
                <![CDATA[TestName@gmail.com]]>
              </value>
            </param>
            <param index="1">
              <value>
                <![CDATA[Laxmi]]>
              </value>
            </param>
            <param index="2">
              <value>
                <![CDATA[AnyName]]>
              </value>
            </param>
            <param index="3">
              <value>
                <![CDATA[Invalid]]>
              </value>
            </param>
          </params>
          <reporter-output>
          </reporter-output>
        </test-method> <!-- test_DDT_Login -->
        <test-method signature="test_DDT_Login(java.lang.String,java.lang.String,java.lang.String,java.lang.String)[pri:0, instance:testCases.TC_003_DDT_LoginTest@7fa98a66]" started-at="2023-08-14T14:52:54 IST" name="test_DDT_Login" data-provider="LoginData" finished-at="2023-08-14T14:53:34 IST" duration-ms="40110" status="PASS">
          <params>
            <param index="0">
              <value>
                <![CDATA[laksh@yahoo.com]]>
              </value>
            </param>
            <param index="1">
              <value>
                <![CDATA[admin]]>
              </value>
            </param>
            <param index="2">
              <value>
                <![CDATA[AnyName]]>
              </value>
            </param>
            <param index="3">
              <value>
                <![CDATA[Invalid]]>
              </value>
            </param>
          </params>
          <reporter-output>
          </reporter-output>
        </test-method> <!-- test_DDT_Login -->
        <test-method signature="test_DDT_Login(java.lang.String,java.lang.String,java.lang.String,java.lang.String)[pri:0, instance:testCases.TC_003_DDT_LoginTest@7fa98a66]" started-at="2023-08-14T14:53:34 IST" name="test_DDT_Login" data-provider="LoginData" finished-at="2023-08-14T14:54:10 IST" duration-ms="36303" status="PASS">
          <params>
            <param index="0">
              <value>
                <![CDATA[laks@yahoo.com]]>
              </value>
            </param>
            <param index="1">
              <value>
                <![CDATA[xyz]]>
              </value>
            </param>
            <param index="2">
              <value>
                <![CDATA[AnyName]]>
              </value>
            </param>
            <param index="3">
              <value>
                <![CDATA[Invalid]]>
              </value>
            </param>
          </params>
          <reporter-output>
          </reporter-output>
        </test-method> <!-- test_DDT_Login -->
        <test-method signature="test_DDT_Login(java.lang.String,java.lang.String,java.lang.String,java.lang.String)[pri:0, instance:testCases.TC_003_DDT_LoginTest@7fa98a66]" started-at="2023-08-14T14:54:10 IST" name="test_DDT_Login" data-provider="LoginData" finished-at="2023-08-14T14:54:25 IST" duration-ms="14495" status="PASS">
          <params>
            <param index="0">
              <value>
                <![CDATA[validTest@gmail.com]]>
              </value>
            </param>
            <param index="1">
              <value>
                <![CDATA[admin]]>
              </value>
            </param>
            <param index="2">
              <value>
                <![CDATA[ValidTest]]>
              </value>
            </param>
            <param index="3">
              <value>
                <![CDATA[Valid]]>
              </value>
            </param>
          </params>
          <reporter-output>
          </reporter-output>
        </test-method> <!-- test_DDT_Login -->
        <test-method is-config="true" signature="tearDown()[pri:0, instance:testCases.TC_003_DDT_LoginTest@7fa98a66]" started-at="2023-08-14T14:54:25 IST" name="tearDown" finished-at="2023-08-14T14:54:25 IST" duration-ms="314" status="PASS">
          <reporter-output>
          </reporter-output>
        </test-method> <!-- tearDown -->
      </class> <!-- testCases.TC_003_DDT_LoginTest -->
      <class name="testCases.TC_001_AccountRegistrationTest">
        <test-method is-config="true" signature="setup(java.lang.String)[pri:0, instance:testCases.TC_001_AccountRegistrationTest@441772e]" started-at="2023-08-14T14:48:43 IST" name="setup" finished-at="2023-08-14T14:50:02 IST" duration-ms="79155" status="PASS">
          <params>
            <param index="0">
              <value>
                <![CDATA[chrome]]>
              </value>
            </param>
          </params>
          <reporter-output>
          </reporter-output>
        </test-method> <!-- setup -->
        <test-method signature="test_account_registration()[pri:0, instance:testCases.TC_001_AccountRegistrationTest@441772e]" started-at="2023-08-14T14:50:02 IST" name="test_account_registration" finished-at="2023-08-14T14:50:58 IST" duration-ms="55857" status="PASS">
          <reporter-output>
          </reporter-output>
        </test-method> <!-- test_account_registration -->
        <test-method is-config="true" signature="tearDown()[pri:0, instance:testCases.TC_001_AccountRegistrationTest@441772e]" started-at="2023-08-14T14:50:59 IST" name="tearDown" finished-at="2023-08-14T14:51:02 IST" duration-ms="3415" status="PASS">
          <reporter-output>
          </reporter-output>
        </test-method> <!-- tearDown -->
      </class> <!-- testCases.TC_001_AccountRegistrationTest -->
    </test> <!-- Test -->
  </suite> <!-- Suite -->
</testng-results>
