<?xml version="1.0" encoding="UTF-8"?>
<testsuite xmlns:xsi="http://www.w3.org/2001/XMLSchema-instance" xsi:noNamespaceSchemaLocation="https://maven.apache.org/surefire/maven-surefire-plugin/xsd/surefire-test-report-3.0.xsd" version="3.0" name="TestSuite" time="346.401" tests="6" errors="0" skipped="0" failures="0">
  <properties>
[...]
</properties>
  <testcase name="test_account_registration" classname="testCases.TC_001_AccountRegistrationTest" time="56.125">
    <system-out><![CDATA[[2] is selected
[April] is selected
[1976] is selected
[India] is selected
Selected India
Selected state
Phone No
Url after Acct Deleted: https://automationexercise.com/
]]></system-out>
    <system-err><![CDATA[SLF4J: Failed to load class "org.slf4j.impl.StaticLoggerBinder".
SLF4J: Defaulting to no-operation (NOP) logger implementation
SLF4J: See http://www.slf4j.org/codes.html#StaticLoggerBinder for further details.
Aug 14, 2023 2:48:44 PM org.openqa.selenium.remote.service.DriverService$Builder getLogOutput
INFO: Driver logs no longer sent to console by default; https://www.selenium.dev/documentation/webdriver/drivers/service/#setting-log-output
Aug 14, 2023 2:49:48 PM org.openqa.selenium.devtools.CdpVersionFinder findNearestMatch
WARNING: Unable to find an exact match for CDP version 115, so returning the closest version found: 114
]]></system-err>
  </testcase>
  <testcase name="test_DDT_Login[TestName@gmail.com, admin, TestName, Valid](1)" classname="testCases.TC_003_DDT_LoginTest" time="28.04">
    <system-err><![CDATA[Aug 14, 2023 2:51:02 PM org.openqa.selenium.remote.service.DriverService$Builder getLogOutput
INFO: Driver logs no longer sent to console by default; https://www.selenium.dev/documentation/webdriver/drivers/service/#setting-log-output
Aug 14, 2023 2:51:02 PM org.openqa.selenium.remote.http.WebSocket$Listener onError
WARNING: Connection reset
java.net.SocketException: Connection reset
	at java.base/sun.nio.ch.SocketChannelImpl.throwConnectionReset(SocketChannelImpl.java:345)
	at java.base/sun.nio.ch.SocketChannelImpl.read(SocketChannelImpl.java:376)
	at io.netty.buffer.PooledByteBuf.setBytes(PooledByteBuf.java:256)
	at io.netty.buffer.AbstractByteBuf.writeBytes(AbstractByteBuf.java:1132)
	at io.netty.channel.socket.nio.NioSocketChannel.doReadBytes(NioSocketChannel.java:357)
	at io.netty.channel.nio.AbstractNioByteChannel$NioByteUnsafe.read(AbstractNioByteChannel.java:151)
	at io.netty.channel.nio.NioEventLoop.processSelectedKey(NioEventLoop.java:788)
	at io.netty.channel.nio.NioEventLoop.processSelectedKeysOptimized(NioEventLoop.java:724)
	at io.netty.channel.nio.NioEventLoop.processSelectedKeys(NioEventLoop.java:650)
	at io.netty.channel.nio.NioEventLoop.run(NioEventLoop.java:562)
	at io.netty.util.concurrent.SingleThreadEventExecutor$4.run(SingleThreadEventExecutor.java:997)
	at io.netty.util.internal.ThreadExecutorMap$2.run(ThreadExecutorMap.java:74)
	at io.netty.util.concurrent.FastThreadLocalRunnable.run(FastThreadLocalRunnable.java:30)
	at java.base/java.lang.Thread.run(Thread.java:832)

Aug 14, 2023 2:51:28 PM org.openqa.selenium.devtools.CdpVersionFinder findNearestMatch
WARNING: Unable to find an exact match for CDP version 115, so returning the closest version found: 114
]]></system-err>
  </testcase>
  <testcase name="test_DDT_Login[TestName@gmail.com, Laxmi, AnyName, Invalid](2)" classname="testCases.TC_003_DDT_LoginTest" time="40.488"/>
  <testcase name="test_DDT_Login[laksh@yahoo.com, admin, AnyName, Invalid](3)" classname="testCases.TC_003_DDT_LoginTest" time="40.112"/>
  <testcase name="test_DDT_Login[laks@yahoo.com, xyz, AnyName, Invalid](4)" classname="testCases.TC_003_DDT_LoginTest" time="36.305"/>
  <testcase name="test_DDT_Login[validTest@gmail.com, admin, ValidTest, Valid](5)" classname="testCases.TC_003_DDT_LoginTest" time="14.495"/>
</testsuite>