<?xml version="1.0" encoding="UTF-8"?>
<testng-results ignored="0" total="1" passed="1" failed="0" skipped="0">
  <reporter-output>
  </reporter-output>
  <suite started-at="2023-08-14T13:56:23 IST" name="Failed suite [Failed suite [Suite]]" finished-at="2023-08-14T13:58:00 IST" duration-ms="97674">
    <groups>
      <group name="Master">
        <method signature="TC_001_AccountRegistrationTest.test_account_registration()[pri:0, instance:testCases.TC_001_AccountRegistrationTest@72a7c7e0]" name="test_account_registration" class="testCases.TC_001_AccountRegistrationTest"/>
      </group> <!-- Master -->
      <group name="Regression">
        <method signature="TC_001_AccountRegistrationTest.test_account_registration()[pri:0, instance:testCases.TC_001_AccountRegistrationTest@72a7c7e0]" name="test_account_registration" class="testCases.TC_001_AccountRegistrationTest"/>
      </group> <!-- Regression -->
    </groups>
    <test started-at="2023-08-14T13:56:23 IST" name="Test(failed)(failed)" finished-at="2023-08-14T13:58:00 IST" duration-ms="97674">
      <class name="testCases.TC_001_AccountRegistrationTest">
        <test-method is-config="true" signature="setup(java.lang.String)[pri:0, instance:testCases.TC_001_AccountRegistrationTest@72a7c7e0]" started-at="2023-08-14T13:56:23 IST" name="setup" finished-at="2023-08-14T13:56:57 IST" duration-ms="33360" status="PASS">
          <params>
            <param index="0">
              <value>
                <![CDATA[chrome]]>
              </value>
            </param>
          </params>
          <reporter-output>
          </reporter-output>
        </test-method> <!-- setup -->
        <test-method signature="test_account_registration()[pri:0, instance:testCases.TC_001_AccountRegistrationTest@72a7c7e0]" started-at="2023-08-14T13:56:57 IST" name="test_account_registration" finished-at="2023-08-14T13:57:59 IST" duration-ms="62334" status="PASS">
          <reporter-output>
          </reporter-output>
        </test-method> <!-- test_account_registration -->
        <test-method is-config="true" signature="tearDown()[pri:0, instance:testCases.TC_001_AccountRegistrationTest@72a7c7e0]" started-at="2023-08-14T13:58:00 IST" name="tearDown" finished-at="2023-08-14T13:58:00 IST" duration-ms="521" status="PASS">
          <reporter-output>
          </reporter-output>
        </test-method> <!-- tearDown -->
      </class> <!-- testCases.TC_001_AccountRegistrationTest -->
    </test> <!-- Test(failed)(failed) -->
  </suite> <!-- Failed suite [Failed suite [Suite]] -->
</testng-results>
